
=== Fri Nov 22 23:29:09 2019

Packages were changed.
Update Mode: updateDependencies

The following packages were added:
  com.unity.collab-proxy@1.2.15
The following packages were updated:
  com.unity.analytics from version 2.0.16 to 3.2.2
  com.unity.package-manager-ui from version 1.9.11 to 2.0.8
  com.unity.textmeshpro from version 1.2.4 to 1.4.1

=== Mon Feb  3 16:54:06 2020

Packages were changed.
Update Mode: updateDependencies

The following packages were added:
  com.unity.2d.tilemap@1.0.0
  com.unity.ext.nunit@1.0.0
  com.unity.test-framework@1.0.13
  com.unity.timeline@1.1.0
  com.unity.2d.sprite@1.0.0
  com.unity.ide.vscode@1.1.3
  com.unity.ide.rider@1.1.0
  com.unity.ugui@1.0.0
  com.unity.modules.androidjni@1.0.0
  com.unity.multiplayer-hlapi@1.0.2
  com.unity.xr.legacyinputhelpers@2.0.2
The following packages were updated:
  com.unity.analytics from version 3.2.2 to 3.3.2
  com.unity.collab-proxy from version 1.2.15 to 1.2.16
  com.unity.package-manager-ui from version 2.0.8 to 2.2.0
  com.unity.purchasing from version 2.0.3 to 2.0.6
  com.unity.textmeshpro from version 1.4.1 to 2.0.1

=== Tue Feb  4 10:47:17 2020

Packages were changed.
Update Mode: resetToDefaultDependencies

The following packages were updated:
  com.unity.test-framework from version 1.0.18 to 1.0.13
  com.unity.ide.vscode from version 1.1.4 to 1.1.3
The following packages were removed:
  com.unity.2d.sprite@1.0.0
  com.unity.2d.tilemap@1.0.0
  com.unity.ads@2.0.8
  com.unity.analytics@3.3.2
  com.unity.multiplayer-hlapi@1.0.2
  com.unity.purchasing@2.0.6
  com.unity.xr.legacyinputhelpers@2.0.2
  com.unity.xr.oculus.android@1.38.6
  com.unity.xr.oculus.standalone@1.38.4
  com.unity.xr.openvr.standalone@1.0.5

=== Tue Feb  4 11:01:53 2020

Packages were changed.
Update Mode: resetToDefaultDependencies

The following packages were updated:
  com.unity.test-framework from version 1.0.18 to 1.0.13
  com.unity.ide.vscode from version 1.1.4 to 1.1.3
The following packages were removed:
  com.unity.xr.legacyinputhelpers@2.0.2
  com.unity.xr.oculus.android@1.38.6
  com.unity.xr.oculus.standalone@1.38.4
